

times in msec
 clock   self+sourced   self:  sourced script
 clock   elapsed:              other lines

000.005  000.005: --- NVIM STARTING ---
000.269  000.264: event init
000.355  000.086: early init
000.549  000.194: locale set
000.611  000.062: init first window
000.824  000.212: inits 1
000.836  000.012: window checked
000.838  000.002: parsing arguments
001.239  000.037  000.037: require('vim.shared')
001.347  000.064  000.064: require('vim._meta')
001.349  000.107  000.043: require('vim._editor')
001.350  000.212  000.068: require('vim._init_packages')
001.355  000.304: init lua interpreter
001.522  000.167: expanding arguments
001.553  000.031: inits 2
001.837  000.284: init highlight
001.838  000.001: waiting for UI
001.961  000.123: done waiting for UI
001.966  000.005: clear screen
002.192  000.226: init default mappings & autocommands
002.616  000.056  000.056: sourcing /home/wukong/app/nvim/share/nvim/runtime/ftplugin.vim
002.673  000.025  000.025: sourcing /home/wukong/app/nvim/share/nvim/runtime/indent.vim
002.810  000.046  000.046: require('vim.loader')
002.864  000.017  000.017: require('vim.fs')
003.628  000.804  000.787: require('options')
003.770  000.138  000.138: require('keymaps')
004.765  000.556  000.556: require('lazy')
004.793  000.015  000.015: require('ffi')
004.891  000.094  000.094: require('lazy.stats')
005.045  000.137  000.137: require('lazy.core.util')
005.253  000.206  000.206: require('lazy.core.config')
005.853  000.154  000.154: require('lazy.core.handler')
006.141  000.286  000.286: require('lazy.core.plugin')
006.166  000.910  000.470: require('lazy.core.loader')
007.284  000.083  000.083: require('lazy.core.handler.cmd')
007.746  000.437  000.437: require('lazy.core.handler.keys')
007.965  000.215  000.215: require('lazy.core.handler.event')
008.176  000.207  000.207: require('lazy.core.handler.ft')
008.882  000.406  000.406: sourcing /home/wukong/app/nvim/share/nvim/runtime/filetype.lua
011.213  001.641  001.641: require('vim.filetype')
011.243  000.025  000.025: require('vim.keymap')
012.765  000.146  000.146: require('luasnip.util.types')
013.035  000.267  000.267: require('luasnip.util.ext_opts')
013.837  000.193  000.193: require('luasnip.session')
015.603  002.373  002.180: require('luasnip.util.util')
015.614  002.576  000.203: require('luasnip.extras.filetype_functions')
015.908  003.988  000.999: require('luasnip.config')
016.263  000.038  000.038: require('luasnip.session.snippet_collection.source')
016.271  000.156  000.118: require('luasnip.session.snippet_collection')
016.726  000.418  000.418: require('luasnip.util._builtin_vars')
016.768  000.037  000.037: require('vim.inspect')
016.865  000.593  000.137: require('luasnip.util.environ')
016.924  000.056  000.056: require('luasnip.util.extend_decorator')
017.046  000.073  000.073: require('luasnip.loaders._caches')
017.144  000.045  000.045: require('luasnip.util.path')
017.148  000.100  000.055: require('luasnip.loaders.util')
017.159  000.233  000.060: require('luasnip.loaders')
017.219  000.055  000.055: require('luasnip.util.log')
017.235  001.319  000.226: require('luasnip')
017.261  007.888  000.916: sourcing /home/wukong/.local/share/nvim/lazy/LuaSnip/plugin/luasnip.lua
017.314  000.024  000.024: sourcing /home/wukong/.local/share/nvim/lazy/LuaSnip/plugin/luasnip.vim
017.417  000.031  000.031: sourcing /home/wukong/.local/share/nvim/lazy/plenary.nvim/plugin/plenary.vim
017.906  000.060  000.060: sourcing /home/wukong/.local/share/nvim/lazy/vim-bbye/plugin/bbye.vim
019.390  000.035  000.035: sourcing /home/wukong/.local/share/nvim/lazy/nvim-web-devicons/plugin/nvim-web-devicons.vim
020.497  000.107  000.107: require('vim.lsp.log')
020.783  000.283  000.283: require('vim.lsp.protocol')
021.077  000.138  000.138: require('vim.lsp._snippet')
021.130  000.051  000.051: require('vim.highlight')
021.140  000.007  000.007: require('vim.F')
021.158  000.372  000.176: require('vim.lsp.util')
021.180  000.885  000.123: require('vim.lsp.handlers')
021.305  000.123  000.123: require('vim.lsp.rpc')
021.426  000.119  000.119: require('vim.lsp.sync')
021.565  000.113  000.113: require('vim.lsp.semantic_tokens')
021.688  000.119  000.119: require('vim.lsp.buf')
021.763  000.073  000.073: require('vim.lsp.diagnostic')
021.846  000.081  000.081: require('vim.lsp.codelens')
021.893  001.764  000.250: require('vim.lsp')
021.978  000.079  000.079: require('vim.version')
023.606  003.527  001.684: sourcing /home/wukong/.local/share/nvim/lazy/nvim-lspconfig/plugin/lspconfig.lua
025.172  000.454  000.454: require('cmp.utils.api')
025.242  000.030  000.030: require('cmp.types.cmp')
025.321  000.038  000.038: require('cmp.utils.misc')
025.345  000.101  000.063: require('cmp.types.lsp')
025.380  000.033  000.033: require('cmp.types.vim')
025.382  000.206  000.042: require('cmp.types')
025.414  000.030  000.030: require('cmp.utils.highlight')
025.471  000.026  000.026: require('cmp.utils.debug')
025.477  000.062  000.035: require('cmp.utils.autocmd')
025.713  001.068  000.316: sourcing /home/wukong/.local/share/nvim/lazy/nvim-cmp/plugin/cmp.lua
026.285  000.043  000.043: require('indent_blankline/utils')
026.289  000.389  000.346: require('indent_blankline')
026.458  000.043  000.043: require('indent_blankline.commands')
026.522  000.698  000.266: sourcing /home/wukong/.local/share/nvim/lazy/indent-blankline.nvim/plugin/indent_blankline.vim
027.348  000.035  000.035: require('diffview.lazy')
027.500  000.034  000.034: require('diffview.ffi')
027.548  000.045  000.045: require('diffview.oop')
027.561  000.142  000.063: require('diffview.async')
027.616  000.030  000.030: require('diffview.mock')
027.626  000.258  000.086: require('diffview.logger')
027.674  000.039  000.039: require('diffview.control')
027.722  000.039  000.039: require('diffview.events')
027.728  000.807  000.437: require('diffview.bootstrap')
027.741  000.869  000.061: sourcing /home/wukong/.local/share/nvim/lazy/diffview.nvim/plugin/diffview.lua
028.224  000.032  000.032: require('Comment.config')
028.344  000.066  000.066: require('Comment.ft')
028.350  000.123  000.057: require('Comment.utils')
028.396  000.044  000.044: require('Comment.opfunc')
028.433  000.035  000.035: require('Comment.extra')
028.436  000.545  000.310: require('Comment.api')
028.552  000.694  000.149: sourcing /home/wukong/.local/share/nvim/lazy/Comment.nvim/plugin/Comment.lua
029.983  000.279  000.279: sourcing /home/wukong/.local/share/nvim/lazy/telescope.nvim/plugin/telescope.lua
031.063  000.264  000.264: sourcing /home/wukong/.local/share/nvim/lazy/leap.nvim/plugin/init.lua
032.225  000.034  000.034: require('illuminate.util')
032.271  000.042  000.042: require('illuminate.config')
032.307  000.034  000.034: require('illuminate.reference')
032.312  000.159  000.049: require('illuminate.highlight')
032.318  000.245  000.086: require('illuminate.engine')
032.409  000.068  000.068: require('illuminate')
032.500  000.998  000.685: sourcing /home/wukong/.local/share/nvim/lazy/vim-illuminate/plugin/illuminate.vim
033.036  000.048  000.048: sourcing /home/wukong/app/nvim/share/nvim/runtime/plugin/editorconfig.lua
033.200  000.139  000.139: sourcing /home/wukong/app/nvim/share/nvim/runtime/plugin/gzip.vim
033.305  000.082  000.082: sourcing /home/wukong/app/nvim/share/nvim/runtime/plugin/man.lua
033.835  000.166  000.166: sourcing /home/wukong/app/nvim/share/nvim/runtime/pack/dist/opt/matchit/plugin/matchit.vim
033.892  000.560  000.394: sourcing /home/wukong/app/nvim/share/nvim/runtime/plugin/matchit.vim
034.082  000.132  000.132: sourcing /home/wukong/app/nvim/share/nvim/runtime/plugin/matchparen.vim
034.137  000.016  000.016: sourcing /home/wukong/app/nvim/share/nvim/runtime/plugin/netrwPlugin.vim
034.240  000.081  000.081: sourcing /home/wukong/app/nvim/share/nvim/runtime/plugin/nvim.lua
034.428  000.125  000.125: sourcing /home/wukong/app/nvim/share/nvim/runtime/plugin/rplugin.vim
034.514  000.058  000.058: sourcing /home/wukong/app/nvim/share/nvim/runtime/plugin/shada.vim
034.565  000.021  000.021: sourcing /home/wukong/app/nvim/share/nvim/runtime/plugin/spellfile.vim
034.710  000.099  000.099: sourcing /home/wukong/app/nvim/share/nvim/runtime/plugin/tarPlugin.vim
034.820  000.067  000.067: sourcing /home/wukong/app/nvim/share/nvim/runtime/plugin/tohtml.vim
034.864  000.018  000.018: sourcing /home/wukong/app/nvim/share/nvim/runtime/plugin/tutor.vim
035.007  000.121  000.121: sourcing /home/wukong/app/nvim/share/nvim/runtime/plugin/zipPlugin.vim
035.743  000.079  000.079: require('cmp.utils.char')
035.749  000.124  000.045: require('cmp.utils.str')
035.870  000.030  000.030: require('cmp.utils.buffer')
035.877  000.086  000.056: require('cmp.utils.keymap')
035.879  000.129  000.043: require('cmp.utils.feedkeys')
036.093  000.082  000.082: require('cmp.config.mapping')
036.149  000.054  000.054: require('cmp.utils.cache')
036.264  000.062  000.062: require('cmp.config.compare')
036.266  000.112  000.050: require('cmp.config.default')
036.281  000.339  000.091: require('cmp.config')
036.293  000.412  000.073: require('cmp.utils.async')
036.383  000.042  000.042: require('cmp.utils.pattern')
036.387  000.093  000.051: require('cmp.context')
036.663  000.075  000.075: require('cmp.matcher')
036.671  000.217  000.142: require('cmp.entry')
036.679  000.291  000.073: require('cmp.source')
036.803  000.056  000.056: require('cmp.utils.event')
036.970  000.052  000.052: require('cmp.utils.options')
036.974  000.119  000.068: require('cmp.utils.window')
036.978  000.173  000.054: require('cmp.view.docs_view')
037.094  000.115  000.115: require('cmp.view.custom_entries_view')
037.184  000.087  000.087: require('cmp.view.wildmenu_entries_view')
037.291  000.105  000.105: require('cmp.view.native_entries_view')
037.400  000.106  000.106: require('cmp.view.ghost_text_view')
037.409  000.729  000.086: require('cmp.view')
037.995  002.425  000.648: require('cmp.core')
038.234  000.058  000.058: require('cmp.config.sources')
038.283  000.046  000.046: require('cmp.config.window')
038.335  003.030  000.501: require('cmp')
038.937  000.601  000.601: require('cmp_path')
038.961  003.721  000.090: sourcing /home/wukong/.local/share/nvim/lazy/cmp-path/after/plugin/cmp_path.lua
039.469  000.358  000.358: require('cmp_cmdline')
039.502  000.465  000.106: sourcing /home/wukong/.local/share/nvim/lazy/cmp-cmdline/after/plugin/cmp_cmdline.lua
040.233  000.243  000.243: require('cmp_buffer.timer')
040.245  000.411  000.167: require('cmp_buffer.buffer')
040.254  000.525  000.114: require('cmp_buffer.source')
040.256  000.611  000.086: require('cmp_buffer')
040.284  000.722  000.111: sourcing /home/wukong/.local/share/nvim/lazy/cmp-buffer/after/plugin/cmp_buffer.lua
040.684  000.205  000.205: require('cmp_luasnip')
040.734  000.383  000.178: sourcing /home/wukong/.local/share/nvim/lazy/cmp_luasnip/after/plugin/cmp_luasnip.lua
040.997  000.039  000.039: require('cmp_nvim_lsp.source')
041.000  000.136  000.097: require('cmp_nvim_lsp')
041.014  000.217  000.081: sourcing /home/wukong/.local/share/nvim/lazy/cmp-nvim-lsp/after/plugin/cmp_nvim_lsp.lua
041.073  037.021  010.245: require('lazy_config')
041.352  000.148  000.148: require('luasnip.util.jsonc')
041.358  000.208  000.060: require('luasnip/loaders/from_vscode')
044.119  000.029  000.029: require('luasnip.nodes.key_indexer')
044.126  000.069  000.041: require('luasnip.nodes.util')
044.156  000.029  000.029: require('luasnip.util.events')
044.163  000.155  000.058: require('luasnip.nodes.node')
044.271  000.107  000.107: require('luasnip.nodes.insertNode')
044.361  000.087  000.087: require('luasnip.nodes.textNode')
044.405  000.042  000.042: require('luasnip.util.mark')
044.451  000.044  000.044: require('luasnip.util.pattern_tokenizer')
044.481  000.028  000.028: require('luasnip.util.dict')
044.513  000.030  000.030: require('luasnip.nodes.util.trig_engines')
044.566  000.639  000.147: require('luasnip.nodes.snippet')
044.569  000.723  000.084: require('luasnip.nodes.duplicate')
044.750  000.031  000.031: require('luasnip.util.parser.neovim_ast')
044.785  000.033  000.033: require('luasnip.util.str')
044.819  000.031  000.031: require('luasnip.util.directed_graph')
044.823  000.139  000.044: require('luasnip.util.parser.ast_utils')
044.911  000.062  000.062: require('luasnip.nodes.functionNode')
044.966  000.053  000.053: require('luasnip.nodes.choiceNode')
045.053  000.085  000.085: require('luasnip.nodes.dynamicNode')
045.105  000.050  000.050: require('luasnip.util.functions')
045.110  000.462  000.072: require('luasnip.util.parser.ast_parser')
045.174  000.063  000.063: require('luasnip.util.parser.neovim_parser')
045.181  000.569  000.044: require('luasnip.util.parser')
045.184  000.606  000.037: require('luasnip.nodes.snippetProxy')
045.219  000.034  000.034: require('luasnip.nodes.multiSnippet')
048.511  007.399  005.828: require('user.cmp')
048.800  000.153  000.153: require('lspconfig.util')
048.803  000.204  000.051: require('lspconfig.configs')
048.805  000.244  000.040: require('lspconfig')
048.921  000.037  000.037: require('mason-core.path')
049.058  000.085  000.085: require('mason-core.functional')
049.141  000.030  000.030: require('mason-core.functional.data')
049.147  000.074  000.044: require('mason-core.functional.function')
049.195  000.035  000.035: require('mason-core.functional.relation')
049.236  000.035  000.035: require('mason-core.functional.logic')
049.246  000.322  000.093: require('mason-core.platform')
049.291  000.044  000.044: require('mason.settings')
049.293  000.442  000.039: require('mason')
049.612  000.056  000.056: require('mason-core.functional.list')
049.655  000.038  000.038: require('mason-core.functional.string')
049.678  000.200  000.106: require('mason.api.command')
049.757  000.074  000.074: require('mason-registry.sources')
049.921  000.103  000.103: require('mason-core.log')
049.969  000.045  000.045: require('mason-lspconfig.settings')
049.973  000.207  000.059: require('mason-lspconfig')
050.121  000.041  000.041: require('mason-lspconfig.notify')
050.127  000.100  000.059: require('mason-lspconfig.lspconfig_hook')
050.307  000.092  000.092: require('mason-core.functional.table')
050.364  000.236  000.144: require('mason-lspconfig.mappings.server')
050.496  000.058  000.058: require('mason-core.EventEmitter')
050.548  000.050  000.050: require('mason-core.optional')
050.826  000.213  000.213: require('mason-core.async')
050.896  000.066  000.066: require('mason-core.async.uv')
050.905  000.355  000.076: require('mason-core.fs')
050.930  000.564  000.101: require('mason-registry')
050.991  000.059  000.059: require('mason-lspconfig.server_config_extensions')
051.063  000.069  000.069: require('lspconfig.server_configurations.omnisharp')
051.186  000.057  000.057: require('mason-lspconfig.ensure_installed')
051.623  000.080  000.080: require('mason-core.result')
051.702  000.239  000.160: require('mason-core.purl')
051.717  000.447  000.208: require('mason-core.package')
051.947  000.112  000.112: require('mason-core.process')
052.141  000.191  000.191: require('mason-core.spawn')
052.147  000.370  000.067: require('mason-core.managers.powershell')
052.193  000.045  000.045: require('mason.version')
052.196  000.477  000.062: require('mason-core.fetch')
052.251  000.054  000.054: require('mason-core.providers')
052.516  000.097  000.097: require('mason-core.installer.registry.expr')
052.529  000.209  000.112: require('mason-core.installer.registry.link')
052.915  000.090  000.090: require('mason-core.receipt')
052.937  000.202  000.112: require('mason-core.installer.context')
052.995  000.056  000.056: require('mason-core.async.control')
053.068  000.071  000.071: require('mason-core.installer.linker')
053.073  000.420  000.091: require('mason-core.installer')
053.097  000.513  000.093: require('mason-core.installer.managers.std')
053.099  000.568  000.056: require('mason-core.installer.registry.schemas')
053.151  000.051  000.051: require('mason-core.installer.registry.util')
053.163  000.909  000.081: require('mason-core.installer.registry')
053.174  001.979  000.092: require('mason-registry.sources.github')
058.071  000.160  000.160: require('mason-core.functional.number')
058.108  000.363  000.203: require('mason-lspconfig.api.command')
058.346  000.235  000.235: require('user.lsp.handlers')
058.498  000.121  000.121: require('user.lsp.settings.lua_ls')
058.704  000.182  000.182: require('lspconfig.server_configurations.lua_ls')
059.708  000.098  000.098: require('user.lsp.settings.pyright')
059.854  000.136  000.136: require('lspconfig.server_configurations.pyright')
060.432  000.146  000.146: require('user.lsp.settings.jsonls')
060.483  000.042  000.042: require('lspconfig.server_configurations.jsonls')
060.950  000.052  000.052: require('lspconfig.server_configurations.clangd')
061.436  000.052  000.052: require('lspconfig.server_configurations.gopls')
061.625  012.819  007.406: require('user.lsp.mason')
061.862  000.208  000.208: require('vim.diagnostic')
062.063  000.056  000.056: require('null-ls.utils')
062.076  000.114  000.058: require('null-ls.config')
062.141  000.029  000.029: require('null-ls.helpers.cache')
062.216  000.073  000.073: require('null-ls.helpers.diagnostics')
062.263  000.044  000.044: require('null-ls.helpers.formatter_factory')
062.348  000.034  000.034: require('null-ls.logger')
062.386  000.037  000.037: require('null-ls.state')
062.389  000.124  000.053: require('null-ls.helpers.generator_factory')
062.455  000.033  000.033: require('null-ls.helpers.command_resolver')
062.457  000.067  000.034: require('null-ls.helpers.make_builtin')
062.491  000.032  000.032: require('null-ls.helpers.range_formatting_args_factory')
062.493  000.415  000.045: require('null-ls.helpers')
062.651  000.080  000.080: require('null-ls.methods')
062.656  000.121  000.040: require('null-ls.diagnostics')
062.661  000.167  000.046: require('null-ls.sources')
062.714  000.051  000.051: require('null-ls.builtins')
062.716  000.810  000.063: require('null-ls')
062.761  000.043  000.043: require('null-ls.builtins.formatting.black')
062.807  000.043  000.043: require('null-ls.builtins.formatting.stylua')
062.931  000.121  000.121: require('null-ls.builtins.diagnostics.flake8')
063.218  000.062  000.062: require('null-ls.client')
063.252  001.384  000.304: require('user.lsp.null-ls')
063.253  014.739  000.085: require('user.lsp')
063.371  000.036  000.036: require('telescope._extensions')
063.374  000.076  000.040: require('telescope')
063.764  000.037  000.037: require('plenary.bit')
063.797  000.031  000.031: require('plenary.functional')
063.814  000.144  000.076: require('plenary.path')
063.819  000.184  000.041: require('plenary.strings')
063.849  000.029  000.029: require('telescope.deprecated')
064.009  000.092  000.092: require('plenary.log')
064.065  000.173  000.081: require('telescope.log')
064.174  000.053  000.053: require('plenary.job')
064.206  000.030  000.030: require('telescope.state')
064.212  000.145  000.062: require('telescope.utils')
064.216  000.365  000.048: require('telescope.sorters')
065.445  001.877  001.298: require('telescope.config')
065.551  000.041  000.041: require('plenary.window.border')
065.585  000.031  000.031: require('plenary.window')
065.615  000.028  000.028: require('plenary.popup.utils')
065.618  000.169  000.069: require('plenary.popup')
065.650  000.031  000.031: require('telescope.pickers.scroller')
065.681  000.029  000.029: require('telescope.actions.state')
065.713  000.030  000.030: require('telescope.actions.utils')
065.786  000.033  000.033: require('telescope.actions.mt')
065.798  000.084  000.051: require('telescope.actions.set')
065.886  000.056  000.056: require('telescope.config.resolve')
065.889  000.090  000.034: require('telescope.pickers.entry_display')
065.921  000.030  000.030: require('telescope.from_entry')
066.026  002.651  000.311: require('telescope.actions')
066.237  000.107  000.107: require('telescope.make_entry')
066.448  000.030  000.030: require('plenary.tbl')
066.453  000.066  000.036: require('plenary.vararg.rotate')
066.454  000.104  000.038: require('plenary.vararg')
066.483  000.028  000.028: require('plenary.errors')
066.488  000.175  000.043: require('plenary.async.async')
066.629  000.037  000.037: require('plenary.async.structs')
066.634  000.080  000.043: require('plenary.async.control')
066.639  000.119  000.039: require('plenary.async.util')
066.660  000.170  000.051: require('plenary.async.tests')
066.661  000.385  000.040: require('plenary.async')
066.663  000.423  000.037: require('telescope.finders.async_static_finder')
066.776  000.030  000.030: require('plenary.class')
066.962  000.261  000.231: require('telescope._')
066.967  000.303  000.042: require('telescope.finders.async_oneshot_finder')
067.034  000.066  000.066: require('telescope.finders.async_job_finder')
067.041  000.952  000.053: require('telescope.finders')
067.256  000.051  000.051: require('telescope.debounce')
067.336  000.077  000.077: require('telescope.mappings')
067.382  000.043  000.043: require('telescope.pickers.highlights')
067.420  000.035  000.035: require('telescope.pickers.window')
067.499  000.040  000.040: require('telescope.algos.linked_list')
067.502  000.081  000.041: require('telescope.entry_manager')
067.538  000.035  000.035: require('telescope.pickers.multi')
067.550  000.507  000.184: require('telescope.pickers')
067.644  000.038  000.038: require('telescope.previewers.previewer')
067.734  000.087  000.087: require('telescope.previewers.term_previewer')
067.915  000.050  000.050: require('telescope.previewers.utils')
068.073  000.156  000.156: require('plenary.scandir')
068.142  000.407  000.201: require('telescope.previewers.buffer_previewer')
068.146  000.595  000.063: require('telescope.previewers')
068.152  002.123  000.070: require('telescope._extensions.media_files')
069.174  005.919  001.069: require('user.telescope')
069.406  000.072  000.072: require('gitsigns.async')
069.621  000.086  000.086: require('gitsigns.message')
069.650  000.240  000.154: require('gitsigns.config')
069.714  000.063  000.063: require('gitsigns.debug.log')
069.720  000.478  000.103: require('gitsigns')
069.891  000.714  000.236: require('user.gitsigns')
070.159  000.082  000.082: require('nvim-autopairs._log')
070.244  000.083  000.083: require('nvim-autopairs.utils')
070.519  000.095  000.095: require('nvim-autopairs.conds')
070.531  000.218  000.123: require('nvim-autopairs.rule')
070.533  000.287  000.069: require('nvim-autopairs.rules.basic')
070.546  000.590  000.138: require('nvim-autopairs')
070.675  000.088  000.088: require('nvim-autopairs.fastwrap')
071.661  000.063  000.063: require('nvim-autopairs.completion.handlers')
071.669  000.140  000.077: require('nvim-autopairs.completion.cmp')
071.677  001.783  000.964: require('user.autopairs')
071.785  000.056  000.056: require('Comment')
071.944  000.265  000.210: require('user.comment')
072.515  000.068  000.068: require('nvim-tree.notify')
072.522  000.130  000.062: require('nvim-tree.events')
072.701  000.057  000.057: require('nvim-tree.log')
072.860  000.076  000.076: require('nvim-tree.iterators.node-iterator')
072.896  000.193  000.117: require('nvim-tree.utils')
109.696  036.798  036.798: require('nvim-tree.git.utils')
109.854  000.149  000.149: require('nvim-tree.git.runner')
109.955  000.098  000.098: require('nvim-tree.watcher')
110.035  000.077  000.077: require('nvim-tree.explorer.node')
110.042  037.461  000.090: require('nvim-tree.git')
110.107  000.063  000.063: require('nvim-tree.explorer.watch')
110.231  000.060  000.060: require('nvim-tree.explorer.node-builders')
110.293  000.060  000.060: require('nvim-tree.explorer.sorters')
110.359  000.064  000.064: require('nvim-tree.explorer.filters')
110.594  000.161  000.161: require('nvim-tree.view')
110.599  000.238  000.077: require('nvim-tree.live-filter')
110.605  000.496  000.074: require('nvim-tree.explorer.explore')
110.677  000.070  000.070: require('nvim-tree.explorer.reload')
110.682  038.158  000.068: require('nvim-tree.explorer')
110.686  038.345  000.057: require('nvim-tree.core')
110.781  000.093  000.093: require('nvim-tree.diagnostics')
110.893  000.049  000.049: require('nvim-tree.modified')
110.896  000.112  000.064: require('nvim-tree.renderer.components.modified')
110.957  000.060  000.060: require('nvim-tree.renderer.components.padding')
111.016  000.058  000.058: require('nvim-tree.renderer.components.icons')
111.103  000.066  000.066: require('nvim-tree.renderer.components.full-name')
111.191  000.086  000.086: require('nvim-tree.renderer.components.git')
111.297  000.103  000.103: require('nvim-tree.renderer.builder')
111.374  000.076  000.076: require('nvim-tree.marks')
111.382  039.108  000.109: require('nvim-tree.renderer')
111.387  039.228  000.120: require('nvim-tree.lib')
111.457  000.069  000.069: require('nvim-tree.colors')
113.154  000.227  000.227: require('nvim-tree.actions.finders.find-file')
113.157  000.366  000.139: require('nvim-tree.actions.tree.open')
113.331  000.173  000.173: require('nvim-tree.actions.tree.toggle')
113.482  000.147  000.147: require('nvim-tree.actions.reloaders.reloaders')
113.571  000.086  000.086: require('nvim-tree.actions.root.dir-up')
113.685  000.111  000.111: require('nvim-tree.actions.tree.find-file')
113.798  000.112  000.112: require('nvim-tree.actions.finders.search-node')
113.910  000.107  000.107: require('nvim-tree.actions.tree-modifiers.collapse-all')
114.034  000.121  000.121: require('nvim-tree.actions.tree-modifiers.expand-all')
114.128  000.092  000.092: require('nvim-tree.actions.tree-modifiers.toggles')
114.203  000.036  000.036: require('nvim-tree.keymap')
114.207  000.076  000.040: require('nvim-tree.help')
114.311  000.102  000.102: require('nvim-tree.actions.fs.create-file')
114.396  000.082  000.082: require('nvim-tree.actions.fs.remove-file')
114.441  000.042  000.042: require('nvim-tree.actions.fs.trash')
114.481  000.037  000.037: require('nvim-tree.actions.fs.rename-file')
114.534  000.050  000.050: require('nvim-tree.actions.fs.copy-paste')
114.575  000.035  000.035: require('nvim-tree.actions.node.file-popup')
114.608  000.030  000.030: require('nvim-tree.actions.node.run-command')
114.643  000.033  000.033: require('nvim-tree.actions.node.system-open')
114.675  000.030  000.030: require('nvim-tree.actions.moves.sibling')
114.708  000.030  000.030: require('nvim-tree.actions.moves.parent')
114.740  000.030  000.030: require('nvim-tree.actions.moves.item')
114.778  000.032  000.032: require('nvim-tree.marks.bulk-delete')
114.811  000.031  000.031: require('nvim-tree.marks.bulk-move')
114.886  000.043  000.043: require('nvim-tree.actions.node.open-file')
114.889  000.077  000.034: require('nvim-tree.marks.navigation')
114.893  002.803  000.773: require('nvim-tree.api')
114.906  003.195  000.393: require('nvim-tree.keymap-legacy')
114.912  003.453  000.257: require('nvim-tree.commands')
114.949  000.036  000.036: require('nvim-tree.actions.root.change-dir')
114.983  000.032  000.032: require('nvim-tree.legacy')
115.014  043.007  000.190: require('nvim-tree')
115.046  000.030  000.030: require('nvim-tree.config')
115.457  000.048  000.048: require('nvim-tree.actions')
115.957  000.278  000.278: require('nvim-web-devicons')
117.290  045.344  001.982: require('user.nvim-tree')
117.422  000.030  000.030: require('bufferline.lazy')
117.479  000.046  000.046: require('bufferline.commands')
117.546  000.063  000.063: require('bufferline.config')
117.550  000.210  000.070: require('bufferline')
117.604  000.052  000.052: require('bufferline.utils')
118.542  000.142  000.142: require('bufferline.groups')
118.653  000.043  000.043: require('bufferline.constants')
118.692  000.034  000.034: require('bufferline.colors')
118.891  000.055  000.055: require('bufferline.highlights')
120.299  000.625  000.625: require('bufferline.hover')
120.485  000.088  000.088: require('bufferline.ui')
120.530  003.236  001.988: require('user.bufferline')
120.668  000.040  000.040: require('lualine_require')
120.903  000.331  000.292: require('lualine')
121.605  000.061  000.061: require('lualine.highlight')
124.737  000.041  000.041: require('lualine.utils.mode')
124.937  004.406  003.973: require('user.lualine')
125.061  000.029  000.029: require('toggleterm.lazy')
125.089  000.025  000.025: require('toggleterm.constants')
125.150  000.058  000.058: require('toggleterm.terminal')
125.154  000.173  000.061: require('toggleterm')
125.220  000.029  000.029: require('toggleterm.colors')
125.292  000.055  000.055: require('toggleterm.utils')
125.299  000.141  000.057: require('toggleterm.config')
126.143  000.052  000.052: require('toggleterm.commandline')
126.206  001.266  000.900: require('user.toggleterm')
126.725  000.517  000.517: require('user.indentline')
126.819  000.031  000.031: require('leap')
126.895  000.167  000.136: require('user.leap')
127.146  000.094  000.094: require('tokyonight.treesitter')
127.150  000.188  000.093: require('tokyonight.util')
127.314  000.079  000.079: require('tokyonight.colors')
127.317  000.165  000.086: require('tokyonight.theme')
127.459  000.141  000.141: require('tokyonight.config')
127.462  000.530  000.036: require('tokyonight')
127.491  000.594  000.064: require('user.tokyonight')
127.493  086.418  000.069: require('user')
129.256  000.088  000.088: require('vim.treesitter.language')
129.265  000.156  000.068: require('vim.treesitter.query')
129.310  000.043  000.043: require('vim.treesitter._range')
129.316  000.278  000.079: require('vim.treesitter.languagetree')
129.320  000.340  000.063: require('vim.treesitter')
129.375  000.053  000.053: require('vim.treesitter.highlighter')
130.479  002.054  001.660: sourcing /home/wukong/.local/share/nvim/lazy/tokyonight.nvim/colors/tokyonight.lua
130.756  000.068  000.068: require('indent_blankline.utils')
135.170  007.675  005.554: require('colorscheme')
135.173  132.452  000.349: sourcing /home/wukong/.config/nvim/init.lua
135.182  000.457: sourcing vimrc file(s)
135.532  000.045  000.045: sourcing /home/wukong/app/nvim/share/nvim/runtime/filetype.lua
135.829  000.077  000.077: sourcing /home/wukong/app/nvim/share/nvim/runtime/syntax/synload.vim
135.938  000.332  000.255: sourcing /home/wukong/app/nvim/share/nvim/runtime/syntax/syntax.vim
135.951  000.393: inits 3
137.693  001.742: reading ShaDa
137.802  000.066  000.066: require('luasnip.loaders.from_lua')
137.880  000.059  000.059: require('luasnip.loaders.from_snipmate')
137.965  000.062  000.062: require('luasnip.loaders.from_vscode')
138.562  000.682: opening buffers
138.705  000.053  000.053: require('bufferline.state')
138.751  000.137: BufEnter autocommands
138.754  000.002: editing files in windows
139.223  000.057  000.057: require('illuminate.providers.lsp')
139.391  000.045  000.045: require('illuminate.providers.regex')
139.424  000.568: VimEnter autocommands
139.452  000.029: UIEnter autocommands
139.454  000.002: before starting main loop
139.645  000.040  000.040: require('bufferline.pick')
139.686  000.038  000.038: require('bufferline.duplicates')
139.837  000.150  000.150: require('bufferline.diagnostics')
139.907  000.067  000.067: require('bufferline.models')
139.910  000.371  000.077: require('bufferline.buffers')
140.204  000.070  000.070: require('bufferline.numbers')
140.502  000.069  000.069: require('bufferline.sorters')
140.614  000.072  000.072: require('bufferline.tabpages')
140.752  000.070  000.070: require('bufferline.offset')
140.816  000.056  000.056: require('bufferline.custom_area')
141.102  000.940: first screen update
141.104  000.002: --- NVIM STARTED ---


times in msec
 clock   self+sourced   self:  sourced script
 clock   elapsed:              other lines

000.005  000.005: --- NVIM STARTING ---
000.176  000.171: event init
000.258  000.082: early init
000.422  000.164: locale set
000.474  000.052: init first window
000.702  000.228: inits 1
000.709  000.007: window checked
000.711  000.002: parsing arguments
001.100  000.052  000.052: require('vim.shared')
001.176  000.033  000.033: require('vim._meta')
001.178  000.074  000.042: require('vim._editor')
001.179  000.164  000.037: require('vim._init_packages')
001.181  000.307: init lua interpreter
041.769  040.588: expanding arguments
041.881  000.112: inits 2
042.321  000.440: init highlight
